<?xml version="1.0" encoding="UTF-8"?>
<!-- Generated by org.testng.reporters.JUnitReportReporter -->
<testsuite skipped="0" hostname="DESKTOP-3P510H9" name="Test.MainTest" tests="4" failures="0" timestamp="11 Dec 2020 17:05:35 GMT" time="7.028" errors="0">
  <testcase name="Test" time="2.564" classname="Test.MainTest"/>
  <testcase name="Test1" time="1.581" classname="Test.MainTest"/>
  <testcase name="Test2" time="1.446" classname="Test.MainTest"/>
  <testcase name="Test3" time="1.437" classname="Test.MainTest"/>
</testsuite> <!-- Test.MainTest -->
